# JRE version: OpenJDK Runtime Environment (11.0.9.1+1) (build 11.0.9.1+1-Ubuntu-0ubuntu1.18.04)
# Java VM: OpenJDK 64-Bit Server VM (11.0.9.1+1-Ubuntu-0ubuntu1.18.04, mixed mode, sharing, tiered, compressed oops, serial gc, linux-amd64)
Heap:
 def new generation   total 2432K, used 1480K [0x00000000f8000000, 0x00000000f82a0000, 0x00000000faaa0000)
  eden space 2176K,  56% used [0x00000000f8000000, 0x00000000f81321b0, 0x00000000f8220000)
  from space 256K,  99% used [0x00000000f8220000, 0x00000000f825fff8, 0x00000000f8260000)
  to   space 256K,   0% used [0x00000000f8260000, 0x00000000f8260000, 0x00000000f82a0000)
 tenured generation   total 5504K, used 3312K [0x00000000faaa0000, 0x00000000fb000000, 0x0000000100000000)
   the space 5504K,  60% used [0x00000000faaa0000, 0x00000000faddc3c0, 0x00000000faddc400, 0x00000000fb000000)
 Metaspace       used 10017K, capacity 10579K, committed 11008K, reserved 1058816K
  class space    used 1173K, capacity 1432K, committed 1536K, reserved 1048576K
GC Heap History (12 events):
Event: 0.578 GC heap before
{Heap before GC invocations=0 (full 0):
 def new generation   total 2432K, used 2176K [0x00000000f8000000, 0x00000000f82a0000, 0x00000000faaa0000)
  eden space 2176K, 100% used [0x00000000f8000000, 0x00000000f8220000, 0x00000000f8220000)
  from space 256K,   0% used [0x00000000f8220000, 0x00000000f8220000, 0x00000000f8260000)
  to   space 256K,   0% used [0x00000000f8260000, 0x00000000f8260000, 0x00000000f82a0000)
 tenured generation   total 5504K, used 0K [0x00000000faaa0000, 0x00000000fb000000, 0x0000000100000000)
   the space 5504K,   0% used [0x00000000faaa0000, 0x00000000faaa0000, 0x00000000faaa0200, 0x00000000fb000000)
 Metaspace       used 1392K, capacity 4680K, committed 4864K, reserved 1056768K
  class space    used 152K, capacity 471K, committed 512K, reserved 1048576K
}
Event: 0.581 GC heap after
{Heap after GC invocations=1 (full 0):
 def new generation   total 2432K, used 256K [0x00000000f8000000, 0x00000000f82a0000, 0x00000000faaa0000)
  eden space 2176K,   0% used [0x00000000f8000000, 0x00000000f8000000, 0x00000000f8220000)
  from space 256K, 100% used [0x00000000f8260000, 0x00000000f82a0000, 0x00000000f82a0000)
  to   space 256K,   0% used [0x00000000f8220000, 0x00000000f8220000, 0x00000000f8260000)
 tenured generation   total 5504K, used 670K [0x00000000faaa0000, 0x00000000fb000000, 0x0000000100000000)
   the space 5504K,  12% used [0x00000000faaa0000, 0x00000000fab479b0, 0x00000000fab47a00, 0x00000000fb000000)
 Metaspace       used 1392K, capacity 4680K, committed 4864K, reserved 1056768K
  class space    used 152K, capacity 471K, committed 512K, reserved 1048576K
}
Event: 7.475 GC heap before
{Heap before GC invocations=1 (full 0):
 def new generation   total 2432K, used 2432K [0x00000000f8000000, 0x00000000f82a0000, 0x00000000faaa0000)
  eden space 2176K, 100% used [0x00000000f8000000, 0x00000000f8220000, 0x00000000f8220000)
  from space 256K, 100% used [0x00000000f8260000, 0x00000000f82a0000, 0x00000000f82a0000)
  to   space 256K,   0% used [0x00000000f8220000, 0x00000000f8220000, 0x00000000f8260000)
 tenured generation   total 5504K, used 670K [0x00000000faaa0000, 0x00000000fb000000, 0x0000000100000000)
   the space 5504K,  12% used [0x00000000faaa0000, 0x00000000fab479b0, 0x00000000fab47a00, 0x00000000fb000000)
 Metaspace       used 4075K, capacity 4902K, committed 4992K, reserved 1056768K
  class space    used 424K, capacity 553K, committed 640K, reserved 1048576K
}
Event: 7.480 GC heap after
{Heap after GC invocations=2 (full 0):
 def new generation   total 2432K, used 256K [0x00000000f8000000, 0x00000000f82a0000, 0x00000000faaa0000)
  eden space 2176K,   0% used [0x00000000f8000000, 0x00000000f8000000, 0x00000000f8220000)
  from space 256K, 100% used [0x00000000f8220000, 0x00000000f8260000, 0x00000000f8260000)
  to   space 256K,   0% used [0x00000000f8260000, 0x00000000f8260000, 0x00000000f82a0000)
 tenured generation   total 5504K, used 1140K [0x00000000faaa0000, 0x00000000fb000000, 0x0000000100000000)
   the space 5504K,  20% used [0x00000000faaa0000, 0x00000000fabbd310, 0x00000000fabbd400, 0x00000000fb000000)
 Metaspace       used 4075K, capacity 4902K, committed 4992K, reserved 1056768K
  class space    used 424K, capacity 553K, committed 640K, reserved 1048576K
}
Event: 8.074 GC heap before
{Heap before GC invocations=2 (full 0):
 def new generation   total 2432K, used 2432K [0x00000000f8000000, 0x00000000f82a0000, 0x00000000faaa0000)
  eden space 2176K, 100% used [0x00000000f8000000, 0x00000000f8220000, 0x00000000f8220000)
  from space 256K, 100% used [0x00000000f8220000, 0x00000000f8260000, 0x00000000f8260000)
  to   space 256K,   0% used [0x00000000f8260000, 0x00000000f8260000, 0x00000000f82a0000)
 tenured generation   total 5504K, used 1140K [0x00000000faaa0000, 0x00000000fb000000, 0x0000000100000000)
   the space 5504K,  20% used [0x00000000faaa0000, 0x00000000fabbd310, 0x00000000fabbd400, 0x00000000fb000000)
 Metaspace       used 5464K, capacity 5775K, committed 6016K, reserved 1056768K
  class space    used 625K, capacity 811K, committed 896K, reserved 1048576K
}
Event: 8.077 GC heap after
{Heap after GC invocations=3 (full 0):
 def new generation   total 2432K, used 256K [0x00000000f8000000, 0x00000000f82a0000, 0x00000000faaa0000)
  eden space 2176K,   0% used [0x00000000f8000000, 0x00000000f8000000, 0x00000000f8220000)
  from space 256K, 100% used [0x00000000f8260000, 0x00000000f82a0000, 0x00000000f82a0000)
  to   space 256K,   0% used [0x00000000f8220000, 0x00000000f8220000, 0x00000000f8260000)
 tenured generation   total 5504K, used 1582K [0x00000000faaa0000, 0x00000000fb000000, 0x0000000100000000)
   the space 5504K,  28% used [0x00000000faaa0000, 0x00000000fac2b9b8, 0x00000000fac2ba00, 0x00000000fb000000)
 Metaspace       used 5464K, capacity 5775K, committed 6016K, reserved 1056768K
  class space    used 625K, capacity 811K, committed 896K, reserved 1048576K
}
Event: 8.784 GC heap before
{Heap before GC invocations=3 (full 0):
 def new generation   total 2432K, used 2432K [0x00000000f8000000, 0x00000000f82a0000, 0x00000000faaa0000)
  eden space 2176K, 100% used [0x00000000f8000000, 0x00000000f8220000, 0x00000000f8220000)
  from space 256K, 100% used [0x00000000f8260000, 0x00000000f82a0000, 0x00000000f82a0000)
  to   space 256K,   0% used [0x00000000f8220000, 0x00000000f8220000, 0x00000000f8260000)
 tenured generation   total 5504K, used 1582K [0x00000000faaa0000, 0x00000000fb000000, 0x0000000100000000)
   the space 5504K,  28% used [0x00000000faaa0000, 0x00000000fac2b9b8, 0x00000000fac2ba00, 0x00000000fb000000)
 Metaspace       used 6679K, capacity 7074K, committed 7424K, reserved 1056768K
  class space    used 763K, capacity 944K, committed 1024K, reserved 1048576K
}
Event: 8.788 GC heap after
{Heap after GC invocations=4 (full 0):
 def new generation   total 2432K, used 82K [0x00000000f8000000, 0x00000000f82a0000, 0x00000000faaa0000)
  eden space 2176K,   0% used [0x00000000f8000000, 0x00000000f8000000, 0x00000000f8220000)
  from space 256K,  32% used [0x00000000f8220000, 0x00000000f8234b90, 0x00000000f8260000)
  to   space 256K,   0% used [0x00000000f8260000, 0x00000000f8260000, 0x00000000f82a0000)
 tenured generation   total 5504K, used 2669K [0x00000000faaa0000, 0x00000000fb000000, 0x0000000100000000)
   the space 5504K,  48% used [0x00000000faaa0000, 0x00000000fad3b630, 0x00000000fad3b800, 0x00000000fb000000)
 Metaspace       used 6679K, capacity 7074K, committed 7424K, reserved 1056768K
  class space    used 763K, capacity 944K, committed 1024K, reserved 1048576K
}
Event: 9.080 GC heap before
{Heap before GC invocations=4 (full 0):
 def new generation   total 2432K, used 2258K [0x00000000f8000000, 0x00000000f82a0000, 0x00000000faaa0000)
  eden space 2176K, 100% used [0x00000000f8000000, 0x00000000f8220000, 0x00000000f8220000)
  from space 256K,  32% used [0x00000000f8220000, 0x00000000f8234b90, 0x00000000f8260000)
  to   space 256K,   0% used [0x00000000f8260000, 0x00000000f8260000, 0x00000000f82a0000)
 tenured generation   total 5504K, used 2669K [0x00000000faaa0000, 0x00000000fb000000, 0x0000000100000000)
   the space 5504K,  48% used [0x00000000faaa0000, 0x00000000fad3b630, 0x00000000fad3b800, 0x00000000fb000000)
 Metaspace       used 7207K, capacity 7682K, committed 7808K, reserved 1056768K
  class space    used 845K, capacity 1065K, committed 1152K, reserved 1048576K
}
Event: 9.082 GC heap after
{Heap after GC invocations=5 (full 0):
 def new generation   total 2432K, used 256K [0x00000000f8000000, 0x00000000f82a0000, 0x00000000faaa0000)
  eden space 2176K,   0% used [0x00000000f8000000, 0x00000000f8000000, 0x00000000f8220000)
  from space 256K, 100% used [0x00000000f8260000, 0x00000000f82a0000, 0x00000000f82a0000)
  to   space 256K,   0% used [0x00000000f8220000, 0x00000000f8220000, 0x00000000f8260000)
 tenured generation   total 5504K, used 2707K [0x00000000faaa0000, 0x00000000fb000000, 0x0000000100000000)
   the space 5504K,  49% used [0x00000000faaa0000, 0x00000000fad44c68, 0x00000000fad44e00, 0x00000000fb000000)
 Metaspace       used 7207K, capacity 7682K, committed 7808K, reserved 1056768K
  class space    used 845K, capacity 1065K, committed 1152K, reserved 1048576K
}
Event: 9.479 GC heap before
{Heap before GC invocations=5 (full 0):
 def new generation   total 2432K, used 2431K [0x00000000f8000000, 0x00000000f82a0000, 0x00000000faaa0000)
  eden space 2176K,  99% used [0x00000000f8000000, 0x00000000f821ffd8, 0x00000000f8220000)
  from space 256K, 100% used [0x00000000f8260000, 0x00000000f82a0000, 0x00000000f82a0000)
  to   space 256K,   0% used [0x00000000f8220000, 0x00000000f8220000, 0x00000000f8260000)
 tenured generation   total 5504K, used 2707K [0x00000000faaa0000, 0x00000000fb000000, 0x0000000100000000)
   the space 5504K,  49% used [0x00000000faaa0000, 0x00000000fad44c68, 0x00000000fad44e00, 0x00000000fb000000)
 Metaspace       used 7614K, capacity 8138K, committed 8320K, reserved 1056768K
  class space    used 892K, capacity 1151K, committed 1152K, reserved 1048576K
}
Event: 9.483 GC heap after
{Heap after GC invocations=6 (full 0):
 def new generation   total 2432K, used 255K [0x00000000f8000000, 0x00000000f82a0000, 0x00000000faaa0000)
  eden space 2176K,   0% used [0x00000000f8000000, 0x00000000f8000000, 0x00000000f8220000)
  from space 256K,  99% used [0x00000000f8220000, 0x00000000f825fff8, 0x00000000f8260000)
  to   space 256K,   0% used [0x00000000f8260000, 0x00000000f8260000, 0x00000000f82a0000)
 tenured generation   total 5504K, used 3312K [0x00000000faaa0000, 0x00000000fb000000, 0x0000000100000000)
   the space 5504K,  60% used [0x00000000faaa0000, 0x00000000faddc3c0, 0x00000000faddc400, 0x00000000fb000000)
 Metaspace       used 7614K, capacity 8138K, committed 8320K, reserved 1056768K
  class space    used 892K, capacity 1151K, committed 1152K, reserved 1048576K
}

